anneeMiseEnCirculation;caburant;codePostal;couleur_interieure;couleur_exterieure;departement;description;kilometrage;marque;modele;nombre_porte;premiere_main;prix;puissance_fiscale;puissance_dynamique;vendeur;typeboite;ville2007;Diesel;93350;;;93;;135 000 KM;Peugeot;207;;;4900;;;;Manuelle;le_bourget
2003;Essence;78200;;;78;;134 KM;Peugeot;206;;;2290;;;;Manuelle;magnanville
2005;Diesel;94700;;;94;;156 000 KM;Mercedes;Classe A;;;5850;;;;Manuelle;maisons_alfort
2000;Diesel;94700;;;94;;169 000 KM;Mercedes;Classe M;;;6500;;;;Automatique;maisons_alfort
2011;Essence;92300;;;92;;58 000 KM;Renault;Twingo;;;4400;;;;Manuelle;levallois_perret
1998;Essence;78711;;;78;;126 000 KM;Volkswagen;Lupo;;;1350;;;;Manuelle;mantes_la_ville
2012;Diesel;93600;;;93;;53 000 KM;Nissan;Qashqai;;;15500;;;;Manuelle;aulnay_sous_bois
1996;Diesel;91210;;;91;;160 000 KM;Peugeot;406;;;1600;;;;Manuelle;draveil
2008;Diesel;95130;;;95;;154 000 KM;Peugeot;308;;;4900;;;;Manuelle;franconville
2010;Diesel;77120;;;77;;116 100 KM;Renault;Kangoo;;;5490;;;;Manuelle;coulommiers
2002;Diesel;77170;;;77;;260 000 KM;Renault;Scenic;;;1200;;;;Manuelle;brie_comte_robert
2002;Diesel;94230;;;94;;204 000 KM;Citroen;Xsara;;;1499;;;;Manuelle;cachan
2006;Diesel;78711;;;78;;178 000 KM;Volkswagen;Polo;;;1700;;;;Manuelle;mantes_la_ville
2001;Diesel;94470;;;94;;162 500 KM;Peugeot;406;;;2390;;;;Manuelle;boissy_saint_leger
2009;Diesel;78500;;;78;;70 000 KM;Peugeot;308;;;7990;;;;Manuelle;sartrouville
Format XML (itemprop) non attendu. URL : www.leboncoin.fr/voitures/925214518.htm
Format XML (itemprop) non attendu. URL : www.leboncoin.fr/voitures/923832918.htm
2010;Diesel;95100;;;95;;139 000 KM;Volkswagen;Golf;;;13900;;;;Manuelle;argenteuil
2006;Essence;94000;;;94;;120 000 KM;Citroen;C4;;;5000;;;;Automatique;creteil
2006;Diesel;77330;;;77;;155 550 KM;Mazda;5;;;3990;;;;Manuelle;ozoir_la_ferriere
2015;Diesel;92120;;;92;;11 500 KM;Citroen;Ds3;;;17300;;;;Manuelle;montrouge
1990;Essence;92330;;;92;;100 000 KM;Chrysler;Le Baron;;;3200;;;;Automatique;sceaux
2002;Essence;91370;;;91;;168 000 KM;Mercedes;Classe Clk;;;5900;;;;Automatique;verrieres_le_buisson
2010;Diesel;77410;;;77;;96 553 KM;Citroen;C4;;;9990;;;;Manuelle;charny
2005;Essence;94700;;;94;;78 300 KM;Mercedes;Classe A;;;6500;;;;Automatique;maisons_alfort
2010;Essence;94700;;;94;;84 000 KM;Peugeot;206;;;4990;;;;Manuelle;maisons_alfort
2005;Diesel;94700;;;94;;136 000 KM;Renault;Modus;;;3990;;;;Manuelle;maisons_alfort
2008;Diesel;94700;;;94;;152 000 KM;Renault;Clio;;;4990;;;;Manuelle;maisons_alfort
2005;Diesel;94700;;;94;;175 000 KM;Peugeot;206;;;3800;;;;Manuelle;maisons_alfort
2007;Diesel;94700;;;94;;135 000 KM;Citroen;C2;;;3890;;;;Manuelle;maisons_alfort
2001;Diesel;93600;;;93;;285 000 KM;Volkswagen;Golf;;;1990;;;;Manuelle;aulnay_sous_bois
2001;Diesel;77850;;;77;;101 500 KM;Citroen;Xsara;;;2500;;;;Manuelle;hericy
2002;Diesel;78300;;;78;;178 000 KM;Volkswagen;Golf;;;4690;;;;Manuelle;poissy
2012;Essence;94190;;;94;;23 200 KM;Ford;Focus;;;12490;;;;Manuelle;villeneuve_saint_georges
2012;Autre;91620;;;91;;31 000 KM;Toyota;Auris;;;11800;;;;Automatique;nozay
2000;Diesel;94000;;;94;;120 000 KM;Citroen;Xsara;;;2499;;;;Manuelle;creteil
2015;Diesel;94240;;;94;;19 900 KM;Dacia;Sandero;;;6500;;;;Manuelle;l_hay_les_roses
2008;Diesel;91000;;;91;;211 350 KM;Bmw;Serie 3;;;8000;;;;Automatique;evry
2010;Diesel;77720;;;77;;73 000 KM;Renault;Kangoo;;;8250;;;;Manuelle;saint_mery
2015;Diesel;92100;;;92;;3 000 KM;Dacia;Duster;;;16500;;;;Manuelle;boulogne_billancourt
1997;Essence;77130;;;77;;189 000 KM;Honda;Civic;;;3300;;;;Manuelle;town_not_found
2009;Diesel;77410;;;77;;105 096 KM;Renault;Koleos;;;10990;;;;Manuelle;charny
2010;Diesel;75012;;;75;;109 000 KM;Renault;Megane;;;7700;;;;Manuelle;paris
2011;Diesel;78260;;;78;;119 968 KM;Citroen;C5;;;9990;;;;Manuelle;acheres
Format XML (itemprop) non attendu. URL : www.leboncoin.fr/voitures/923273032.htm
2006;Essence;92110;;;92;;76 000 KM;Citroen;C1;;;3500;;;;Manuelle;clichy
2009;Diesel;77410;;;77;;91 476 KM;Citroen;C3;;;5490;;;;Manuelle;charny
2007;Diesel;78600;;;78;;138 000 KM;Peugeot;207;;;6800;;;;Manuelle;maisons_laffitte
2015;Essence;91290;;;91;;4 357 KM;Renault;Clio;;;19990;;;;Automatique;arpajon
2009;Diesel;77123;;;77;;113 000 KM;Mercedes;Classe B;;;9590;;;;Manuelle;noisy_sur_ecole
1990;Essence;93220;;;93;;167 000 KM;Citroen;Ax;;;100;;;;Manuelle;gagny
2012;Diesel;77680;;;77;;117 000 KM;Mercedes;Viano;;;28500;;;;Automatique;roissy_en_brie
2009;Essence;77410;;;77;;91 918 KM;Honda;Insight;;;8290;;;;Automatique;charny
Format XML (itemprop) non attendu. URL : www.leboncoin.fr/voitures/820075554.htm
2010;Essence;92300;;;92;;38 000 KM;Smart;Fortwo;;;6300;;;;Automatique;levallois_perret
2003;Diesel;94420;;;94;;238 000 KM;Renault;Megane;;;2700;;;;Manuelle;le_plessis_trevise
2015;Diesel;78390;;;78;;4 500 KM;Citroen;Ds4;;;20490;;;;Manuelle;bois_d_arcy
2007;Diesel;75017;;;75;;114 000 KM;Volkswagen;Golf;;;8900;;;;Automatique;paris
2009;Diesel;94600;;;94;;147 000 KM;Seat;Ibiza;;;7000;;;;Manuelle;choisy_le_roi
2012;Essence;78700;;;78;;9 700 KM;Renault;Twingo;;;6790;;;;Manuelle;conflans_sainte_honorine
2007;Diesel;93400;;;93;;169 000 KM;Audi;A3;;;7900;;;;Automatique;saint_ouen
Format XML (itemprop) non attendu. URL : www.leboncoin.fr/voitures/925209659.htm
Format XML (itemprop) non attendu. URL : www.leboncoin.fr/voitures/925209419.htm
2011;Diesel;93250;;;93;;71 000 KM;Alfa Romeo;Giulietta;;;12900;;;;Manuelle;villemomble
2010;Diesel;77240;;;77;;95 000 KM;Volkswagen;Golf;;;16500;;;;Manuelle;vert_saint_denis
1999;Essence;78711;;;78;;220 000 KM;Renault;Clio;;;1350;;;;Manuelle;mantes_la_ville
2004;Essence;78711;;;78;;150 000 KM;Renault;Clio;;;2500;;;;Manuelle;mantes_la_ville
2008;Diesel;75019;;;75;;145 000 KM;Renault;Megane;;;3900;;;;Manuelle;paris
2009;Diesel;78711;;;78;;123 000 KM;Citroen;Berlingo;;;4500;;;;Manuelle;mantes_la_ville
2006;Essence;77410;;;77;;84 000 KM;Peugeot;1007;;;3600;;;;Manuelle;annet_sur_marne
2008;Diesel;92130;;;92;;120 300 KM;Mercedes;Classe B;;;9000;;;;Manuelle;issy_les_moulineaux
2015;Essence;91820;;;91;;7 100 KM;Renault;Twingo;;;9990;;;;Manuelle;boutigny_sur_essonne
1998;Essence;91420;;;91;;100 000 KM;Renault;Clio;;;1200;;;;Manuelle;morangis
2001;Diesel;78510;;;78;;260 000 KM;Citroen;C5;;;1100;;;;Manuelle;triel_sur_seine
2012;Diesel;78711;;;78;;55 000 KM;Citroen;C3;;;9500;;;;Manuelle;mantes_la_ville
2014;Diesel;95220;;;95;;32 000 KM;Peugeot;5008;;;19400;;;;Manuelle;herblay
2005;Essence;93000;;;93;;124 000 KM;Renault;Modus;;;3300;;;;Automatique;bobigny
1972;Essence;92190;;;92;;40 000 KM;Volkswagen;Coccinelle;;;5500;;;;Manuelle;meudon
2011;Diesel;78500;;;78;;110 000 KM;Peugeot;308;;;7900;;;;Manuelle;sartrouville
2012;Diesel;93360;;;93;;66 000 KM;Nissan;Qashqai;;;15490;;;;Manuelle;neuilly_plaisance
2004;Diesel;92000;;;92;;200 000 KM;Toyota;Rav 4;;;4790;;;;Manuelle;nanterre
2000;Diesel;94320;;;94;;224 000 KM;Citroen;Xantia;;;2500;;;;Manuelle;thiais
2007;Diesel;94490;;;94;;123 000 KM;Audi;A5;;;17500;;;;Automatique;ormesson_sur_marne
2010;Essence;93360;;;93;;60 270 KM;Toyota;Iq;;;6490;;;;Automatique;neuilly_plaisance
2003;Diesel;93380;;;93;;118 000 KM;Renault;Clio;;;2700;;;;Manuelle;pierrefitte_sur_seine
2005;Diesel;78200;;;78;;210 000 KM;Alfa Romeo;Gtv;;;3600;;;;Manuelle;town_not_found
2006;Diesel;77120;;;77;;153 000 KM;Audi;A4;;;8600;;;;Manuelle;coulommiers
1998;Diesel;93360;;;93;;250 000 KM;Bmw;Serie 3;;;1500;;;;Manuelle;neuilly_plaisance
2004;Diesel;75018;;;75;;170 000 KM;Audi;A3;;;7500;;;;Manuelle;paris
2011;Diesel;91830;;;91;;112 500 KM;Nissan;Navara;;;17990;;;;Manuelle;town_not_found
2011;Essence;75017;;;75;;47 000 KM;Mini;Mini;;;11500;;;;Manuelle;paris
2011;Diesel;77340;;;77;;99 900 KM;Volkswagen;Polo;;;8000;;;;Manuelle;pontault_combault
2014;Essence;78430;;;78;;29 000 KM;Mini;Mini;;;31500;;;;Manuelle;louveciennes
2011;Diesel;77181;;;77;;80 000 KM;Peugeot;207;;;8900;;;;Manuelle;le_pin
2001;Essence;93390;;;93;;124 500 KM;Bmw;Serie 3;;;9990;;;;Manuelle;clichy_sous_bois
2008;Diesel;77410;;;77;;155 434 KM;Land Rover;Freelander;;;10490;;;;Manuelle;charny
2003;Diesel;93190;;;93;;200 000 KM;Opel;Zafira;;;3200;;;;Automatique;livry_gargan
2006;Essence;78400;;;78;;51 500 KM;Porsche;Boxster;;;25000;;;;Manuelle;chatou
2006;Diesel;77410;;;77;;131 132 KM;Kia;Carnival;;;5490;;;;Manuelle;charny
2010;Diesel;94320;;;94;;73 000 KM;Renault;Modus;;;5900;;;;Manuelle;thiais
